<?xml version="1.0" encoding="UTF-8"?>
<!-- Generated by org.testng.reporters.JUnitXMLReporter -->
<testsuite ignored="0" hostname="Kirans-Mac-mini.local" failures="0" tests="5" name="Default test" time="0.017" errors="0" timestamp="2026-03-31T16:20:27 EDT">
  <testcase classname="com.kmg.tests.TestCase1" name="print1st" time="0.002"/>
  <testcase classname="com.kmg.tests.TestCase1" name="print2nd" time="0.0"/>
  <testcase classname="com.kmg.tests.TestCase1" name="print3rd" time="0.0"/>
  <testcase classname="com.kmg.tests.TestCase1" name="print4th" time="0.0"/>
  <testcase classname="com.kmg.tests.TestCase1" name="print5th" time="0.0"/>
</testsuite> <!-- Default test -->
