<?xml version="1.0" encoding="UTF-8"?>
<testng-results ignored="0" total="5" passed="5" failed="0" skipped="0">
  <reporter-output>
  </reporter-output>
  <suite started-at="2026-03-31T16:20:22 EDT" name="Default suite" finished-at="2026-03-31T16:20:22 EDT" duration-ms="17">
    <groups>
    </groups>
    <test started-at="2026-03-31T16:20:22 EDT" name="Default test" finished-at="2026-03-31T16:20:22 EDT" duration-ms="17">
      <class name="com.kmg.tests.TestCase1">
        <test-method signature="print1st()[pri:0, instance:com.kmg.tests.TestCase1@22a637e7]" started-at="2026-03-31T16:20:22 EDT" name="print1st" finished-at="2026-03-31T16:20:22 EDT" duration-ms="2" status="PASS">
          <reporter-output>
          </reporter-output>
        </test-method> <!-- print1st -->
        <test-method signature="print2nd()[pri:0, instance:com.kmg.tests.TestCase1@22a637e7]" started-at="2026-03-31T16:20:22 EDT" name="print2nd" finished-at="2026-03-31T16:20:22 EDT" duration-ms="0" status="PASS">
          <reporter-output>
          </reporter-output>
        </test-method> <!-- print2nd -->
        <test-method signature="print3rd()[pri:0, instance:com.kmg.tests.TestCase1@22a637e7]" started-at="2026-03-31T16:20:22 EDT" name="print3rd" finished-at="2026-03-31T16:20:22 EDT" duration-ms="0" status="PASS">
          <reporter-output>
          </reporter-output>
        </test-method> <!-- print3rd -->
        <test-method signature="print4th()[pri:0, instance:com.kmg.tests.TestCase1@22a637e7]" started-at="2026-03-31T16:20:22 EDT" name="print4th" finished-at="2026-03-31T16:20:22 EDT" duration-ms="0" status="PASS">
          <reporter-output>
          </reporter-output>
        </test-method> <!-- print4th -->
        <test-method signature="print5th()[pri:0, instance:com.kmg.tests.TestCase1@22a637e7]" started-at="2026-03-31T16:20:22 EDT" name="print5th" finished-at="2026-03-31T16:20:22 EDT" duration-ms="0" status="PASS">
          <reporter-output>
          </reporter-output>
        </test-method> <!-- print5th -->
      </class> <!-- com.kmg.tests.TestCase1 -->
    </test> <!-- Default test -->
  </suite> <!-- Default suite -->
</testng-results>
