<?xml version="1.0" encoding="UTF-8"?>
<!-- Generated by org.testng.reporters.JUnitReportReporter -->
<testsuite hostname="Kirans-Mac-mini.local" failures="0" tests="5" name="com.kmg.tests.TestCase1" time="0.001" errors="0" timestamp="2026-03-31T16:46:18 EDT" skipped="0">
  <testcase classname="com.kmg.tests.TestCase1" name="print2nd" time="0.000"/>
  <testcase classname="com.kmg.tests.TestCase1" name="print1st" time="0.001"/>
  <testcase classname="com.kmg.tests.TestCase1" name="print4th" time="0.000"/>
  <testcase classname="com.kmg.tests.TestCase1" name="print3rd" time="0.000"/>
  <testcase classname="com.kmg.tests.TestCase1" name="print5th" time="0.000"/>
</testsuite> <!-- com.kmg.tests.TestCase1 -->
